{
  "error": "MCP実行失敗: {'error': 'MCP tool execution failed', 'raw_details': 'Error executing tool execute_web_runner: Unhandled server error during execution. Details: [\\n  {\\n    \"step\": \"MCP Tool Execution\",\\n    \"status\": \"error\",\\n    \"message\": \"Unhandled server error occurred: ToolError. Please check server logs for details.\",\\n    \"error_type\": \"ToolError\",\\n    \"raw_error\": \"Web-Runner task failed. Details in JSON content: [\\\\n  {\\\\n    \\\\\"step\\\\\": 1,\\\\n    \\\\\"action\\\\\": \\\\\"click\\\\\",\\\\n    \\\\\"memo\\\\\": \\\\\"「次へ」リンクをクリックして\\\\\",\\\\n    \\\\\"locator_attempts\\\\\": [\\\\n      {\\\\n        \\\\\"hint\\\\\": {\\\\n          \\\\\"type\\\\\": \\\\\"text_exact\\\\\",\\\\n          \\\\\"value\\\\\": \\\\\"次へ\\\\\",\\\\n          \\\\\"confidence\\\\\": \\\\\"high\\\\\"\\\\n        },\\\\n        \\\\\"status\\\\\": \\\\\"Fail\\\\\",\\\\n        \\\\\"reason\\\\\": \\\\\"Not found.\\\\\",\\\\n        \\\\\"final_selector_attempted\\\\\": \\\\\"<Locator frame=<Frame name= url=\\'https://www.google.com/\\'> selector=\\'internal:text=\\\\\\\\\\\\\"\\\\\\\\\\\\\\\\\\\\\\\\\\\\\\\\u6b21\\\\\\\\\\\\\\\\\\\\\\\\\\\\\\\\u3078\\\\\\\\\\\\\"s\\'>\\\\\",\\\\n        \\\\\"count\\\\\": 0\\\\n      },\\\\n      {\\\\n        \\\\\"hint\\\\\": {\\\\n          \\\\\"type\\\\\": \\\\\"role_and_text\\\\\",\\\\n          \\\\\"name\\\\\": \\\\\"次へ\\\\\",\\\\n          \\\\\"confidence\\\\\": \\\\\"medium\\\\\",\\\\n          \\\\\"role\\\\\": \\\\\"link\\\\\"\\\\n        },\\\\n        \\\\\"status\\\\\": \\\\\"Fail\\\\\",\\\\n        \\\\\"reason\\\\\": \\\\\"Invalid/unknown hint: {\\'type\\': \\'role_and_text\\', \\'name\\': \\'次へ\\', \\'confidence\\': \\'medium\\', \\'role\\': \\'link\\'}\\\\\"\\\\n      },\\\\n      {\\\\n        \\\\\"hint\\\\\": {\\\\n          \\\\\"type\\\\\": \\\\\"css_selector_candidate\\\\\",\\\\n          \\\\\"value\\\\\": \\\\\":text(\\'次へ\\')\\\\\",\\\\n          \\\\\"confidence\\\\\": \\\\\"low\\\\\"\\\\n        },\\\\n        \\\\\"status\\\\\": \\\\\"Fail\\\\\",\\\\n        \\\\\"reason\\\\\": \\\\\"Not found.\\\\\",\\\\n        \\\\\"final_selector_attempted\\\\\": \\\\\"<Locator frame=<Frame name= url=\\'https://www.google.com/\\'> selector=\\\\\\\\\\\\\":text(\\'次へ\\')\\\\\\\\\\\\\">\\\\\",\\\\n        \\\\\"count\\\\\": 0\\\\n      }\\\\n    ],\\\\n    \\\\\"status\\\\\": \\\\\"error\\\\\",\\\\n    \\\\\"selector\\\\\": null,\\\\n    \\\\\"target_hints\\\\\": [\\\\n      {\\\\n        \\\\\"type\\\\\": \\\\\"text_exact\\\\\",\\\\n        \\\\\"value\\\\\": \\\\\"次へ\\\\\",\\\\n        \\\\\"confidence\\\\\": \\\\\"high\\\\\"\\\\n      },\\\\n      {\\\\n        \\\\\"type\\\\\": \\\\\"role_and_text\\\\\",\\\\n        \\\\\"name\\\\\": \\\\\"次へ\\\\\",\\\\n        \\\\\"confidence\\\\\": \\\\\"medium\\\\\",\\\\n        \\\\\"role\\\\\": \\\\\"link\\\\\"\\\\n      },\\\\n      {\\\\n        \\\\\"type\\\\\": \\\\\"css_selector_candidate\\\\\",\\\\n        \\\\\"value\\\\\": \\\\\":text(\\'次へ\\')\\\\\",\\\\n        \\\\\"confidence\\\\\": \\\\\"low\\\\\"\\\\n      }\\\\n    ],\\\\n    \\\\\"message\\\\\": \\\\\"Failed to locate required single element for action \\'click\\'. Tried target_hints, but no fallback selector was provided.\\\\\",\\\\n    \\\\\"full_error\\\\\": \\\\\"ステップ 1 (click) エラー: Error - Failed to locate required single element for action \\'click\\'. Tried target_hints, but no fallback selector was provided.\\\\\",\\\\n    \\\\\"traceback\\\\\": \\\\\"Traceback (most recent call last):\\\\\\\\n  File \\\\\\\\\\\\\"C:\\\\\\\\\\\\\\\\Users\\\\\\\\\\\\\\\\sinzy\\\\\\\\\\\\\\\\web-runner-mcp-llm\\\\\\\\\\\\\\\\playwright_actions.py\\\\\\\\\\\\\", line 286, in execute_actions_async\\\\\\\\n    raise PlaywrightError(error_msg)\\\\\\\\nplaywright._impl._errors.Error: Failed to locate required single element for action \\'click\\'. Tried target_hints, but no fallback selector was provided.\\\\\\\\n\\\\\",\\\\n    \\\\\"error_screenshot\\\\\": \\\\\"screenshots\\\\\\\\\\\\\\\\error_step1_20250418_215501.png\\\\\"\\\\n  }\\\\n]\"\\n  }\\n]'}",
  "traceback": "Traceback (most recent call last):\n  File \"C:\\Users\\sinzy\\web-runner-mcp-llm\\web_runner_mcp_llm_batch_test_actions.py\", line 260, in run_batch_tests\n    elif not step_mcp_success: raise RuntimeError(f\"MCP実行失敗: {step_mcp_result_or_error}\")\n                               ^^^^^^^^^^^^^^^^^^^^^^^^^^^^^^^^^^^^^^^^^^^^^^^^^^^^^^^^^^^^^^\nRuntimeError: MCP実行失敗: {'error': 'MCP tool execution failed', 'raw_details': 'Error executing tool execute_web_runner: Unhandled server error during execution. Details: [\\n  {\\n    \"step\": \"MCP Tool Execution\",\\n    \"status\": \"error\",\\n    \"message\": \"Unhandled server error occurred: ToolError. Please check server logs for details.\",\\n    \"error_type\": \"ToolError\",\\n    \"raw_error\": \"Web-Runner task failed. Details in JSON content: [\\\\n  {\\\\n    \\\\\"step\\\\\": 1,\\\\n    \\\\\"action\\\\\": \\\\\"click\\\\\",\\\\n    \\\\\"memo\\\\\": \\\\\"「次へ」リンクをクリックして\\\\\",\\\\n    \\\\\"locator_attempts\\\\\": [\\\\n      {\\\\n        \\\\\"hint\\\\\": {\\\\n          \\\\\"type\\\\\": \\\\\"text_exact\\\\\",\\\\n          \\\\\"value\\\\\": \\\\\"次へ\\\\\",\\\\n          \\\\\"confidence\\\\\": \\\\\"high\\\\\"\\\\n        },\\\\n        \\\\\"status\\\\\": \\\\\"Fail\\\\\",\\\\n        \\\\\"reason\\\\\": \\\\\"Not found.\\\\\",\\\\n        \\\\\"final_selector_attempted\\\\\": \\\\\"<Locator frame=<Frame name= url=\\'https://www.google.com/\\'> selector=\\'internal:text=\\\\\\\\\\\\\"\\\\\\\\\\\\\\\\\\\\\\\\\\\\\\\\u6b21\\\\\\\\\\\\\\\\\\\\\\\\\\\\\\\\u3078\\\\\\\\\\\\\"s\\'>\\\\\",\\\\n        \\\\\"count\\\\\": 0\\\\n      },\\\\n      {\\\\n        \\\\\"hint\\\\\": {\\\\n          \\\\\"type\\\\\": \\\\\"role_and_text\\\\\",\\\\n          \\\\\"name\\\\\": \\\\\"次へ\\\\\",\\\\n          \\\\\"confidence\\\\\": \\\\\"medium\\\\\",\\\\n          \\\\\"role\\\\\": \\\\\"link\\\\\"\\\\n        },\\\\n        \\\\\"status\\\\\": \\\\\"Fail\\\\\",\\\\n        \\\\\"reason\\\\\": \\\\\"Invalid/unknown hint: {\\'type\\': \\'role_and_text\\', \\'name\\': \\'次へ\\', \\'confidence\\': \\'medium\\', \\'role\\': \\'link\\'}\\\\\"\\\\n      },\\\\n      {\\\\n        \\\\\"hint\\\\\": {\\\\n          \\\\\"type\\\\\": \\\\\"css_selector_candidate\\\\\",\\\\n          \\\\\"value\\\\\": \\\\\":text(\\'次へ\\')\\\\\",\\\\n          \\\\\"confidence\\\\\": \\\\\"low\\\\\"\\\\n        },\\\\n        \\\\\"status\\\\\": \\\\\"Fail\\\\\",\\\\n        \\\\\"reason\\\\\": \\\\\"Not found.\\\\\",\\\\n        \\\\\"final_selector_attempted\\\\\": \\\\\"<Locator frame=<Frame name= url=\\'https://www.google.com/\\'> selector=\\\\\\\\\\\\\":text(\\'次へ\\')\\\\\\\\\\\\\">\\\\\",\\\\n        \\\\\"count\\\\\": 0\\\\n      }\\\\n    ],\\\\n    \\\\\"status\\\\\": \\\\\"error\\\\\",\\\\n    \\\\\"selector\\\\\": null,\\\\n    \\\\\"target_hints\\\\\": [\\\\n      {\\\\n        \\\\\"type\\\\\": \\\\\"text_exact\\\\\",\\\\n        \\\\\"value\\\\\": \\\\\"次へ\\\\\",\\\\n        \\\\\"confidence\\\\\": \\\\\"high\\\\\"\\\\n      },\\\\n      {\\\\n        \\\\\"type\\\\\": \\\\\"role_and_text\\\\\",\\\\n        \\\\\"name\\\\\": \\\\\"次へ\\\\\",\\\\n        \\\\\"confidence\\\\\": \\\\\"medium\\\\\",\\\\n        \\\\\"role\\\\\": \\\\\"link\\\\\"\\\\n      },\\\\n      {\\\\n        \\\\\"type\\\\\": \\\\\"css_selector_candidate\\\\\",\\\\n        \\\\\"value\\\\\": \\\\\":text(\\'次へ\\')\\\\\",\\\\n        \\\\\"confidence\\\\\": \\\\\"low\\\\\"\\\\n      }\\\\n    ],\\\\n    \\\\\"message\\\\\": \\\\\"Failed to locate required single element for action \\'click\\'. Tried target_hints, but no fallback selector was provided.\\\\\",\\\\n    \\\\\"full_error\\\\\": \\\\\"ステップ 1 (click) エラー: Error - Failed to locate required single element for action \\'click\\'. Tried target_hints, but no fallback selector was provided.\\\\\",\\\\n    \\\\\"traceback\\\\\": \\\\\"Traceback (most recent call last):\\\\\\\\n  File \\\\\\\\\\\\\"C:\\\\\\\\\\\\\\\\Users\\\\\\\\\\\\\\\\sinzy\\\\\\\\\\\\\\\\web-runner-mcp-llm\\\\\\\\\\\\\\\\playwright_actions.py\\\\\\\\\\\\\", line 286, in execute_actions_async\\\\\\\\n    raise PlaywrightError(error_msg)\\\\\\\\nplaywright._impl._errors.Error: Failed to locate required single element for action \\'click\\'. Tried target_hints, but no fallback selector was provided.\\\\\\\\n\\\\\",\\\\n    \\\\\"error_screenshot\\\\\": \\\\\"screenshots\\\\\\\\\\\\\\\\error_step1_20250418_215501.png\\\\\"\\\\n  }\\\\n]\"\\n  }\\n]'}\n"
}